
ldes/ldi-orchestrator:2.7.0-SNAPSHOT (alpine 3.19.1)
====================================================
Total: 0 (HIGH: 0, CRITICAL: 0)


Java (jar)
==========
Total: 111 (HIGH: 111, CRITICAL: 0)

┌──────────────────────────────────────────────────────────────┬─────────────────────┬──────────┬────────┬───────────────────┬─────────────────────────────────────┬──────────────────────────────────────────────────────────────┐
│                           Library                            │    Vulnerability    │ Severity │ Status │ Installed Version │            Fixed Version            │                            Title                             │
├──────────────────────────────────────────────────────────────┼─────────────────────┼──────────┼────────┼───────────────────┼─────────────────────────────────────┼──────────────────────────────────────────────────────────────┤
│ ch.qos.logback:logback-classic (ldio-application.jar)        │ CVE-2023-6378       │ HIGH     │ fixed  │ 1.4.11            │ 1.3.12, 1.4.12, 1.2.13              │ logback: serialization vulnerability in logback receiver     │
│                                                              │                     │          │        │                   │                                     │ https://avd.aquasec.com/nvd/cve-2023-6378                    │
├──────────────────────────────────────────────────────────────┤                     │          │        │                   │                                     │                                                              │
│ ch.qos.logback:logback-classic                               │                     │          │        │                   │                                     │                                                              │
│ (ldio-amqp-jar-with-dependencies.jar)                        │                     │          │        │                   │                                     │                                                              │
├──────────────────────────────────────────────────────────────┤                     │          │        │                   │                                     │                                                              │
│ ch.qos.logback:logback-classic                               │                     │          │        │                   │                                     │                                                              │
│ (ldio-change-detection-filter-jar-with-dependencies.jar)     │                     │          │        │                   │                                     │                                                              │
├──────────────────────────────────────────────────────────────┤                     │          │        │                   │                                     │                                                              │
│ ch.qos.logback:logback-classic                               │                     │          │        │                   │                                     │                                                              │
│ (ldio-console-out-jar-with-dependencies.jar)                 │                     │          │        │                   │                                     │                                                              │
├──────────────────────────────────────────────────────────────┤                     │          │        │                   │                                     │                                                              │
│ ch.qos.logback:logback-classic                               │                     │          │        │                   │                                     │                                                              │
│ (ldio-geojson-to-wkt-jar-with-dependencies.jar)              │                     │          │        │                   │                                     │                                                              │
├──────────────────────────────────────────────────────────────┤                     │          │        │                   │                                     │                                                              │
│ ch.qos.logback:logback-classic                               │                     │          │        │                   │                                     │                                                              │
│ (ldio-http-enricher-jar-with-dependencies.jar)               │                     │          │        │                   │                                     │                                                              │
├──────────────────────────────────────────────────────────────┤                     │          │        │                   │                                     │                                                              │
│ ch.qos.logback:logback-classic                               │                     │          │        │                   │                                     │                                                              │
│ (ldio-http-in-jar-with-dependencies.jar)                     │                     │          │        │                   │                                     │                                                              │
├──────────────────────────────────────────────────────────────┤                     │          │        │                   │                                     │                                                              │
│ ch.qos.logback:logback-classic                               │                     │          │        │                   │                                     │                                                              │
│ (ldio-http-in-poller-jar-with-dependencies.jar)              │                     │          │        │                   │                                     │                                                              │
├──────────────────────────────────────────────────────────────┤                     │          │        │                   │                                     │                                                              │
│ ch.qos.logback:logback-classic                               │                     │          │        │                   │                                     │                                                              │
│ (ldio-http-out-jar-with-dependencies.jar)                    │                     │          │        │                   │                                     │                                                              │
├──────────────────────────────────────────────────────────────┤                     │          │        │                   │                                     │                                                              │
│ ch.qos.logback:logback-classic                               │                     │          │        │                   │                                     │                                                              │
│ (ldio-json-to-ld-adapter-jar-with-dependencies.jar)          │                     │          │        │                   │                                     │                                                              │
├──────────────────────────────────────────────────────────────┤                     │          │        │                   │                                     │                                                              │
│ ch.qos.logback:logback-classic                               │                     │          │        │                   │                                     │                                                              │
│ (ldio-kafka-jar-with-dependencies.jar)                       │                     │          │        │                   │                                     │                                                              │
├──────────────────────────────────────────────────────────────┤                     │          │        │                   │                                     │                                                              │
│ ch.qos.logback:logback-classic                               │                     │          │        │                   │                                     │                                                              │
│ (ldio-ldes-client-connector-jar-with-dependencies.jar)       │                     │          │        │                   │                                     │                                                              │
├──────────────────────────────────────────────────────────────┤                     │          │        │                   │                                     │                                                              │
│ ch.qos.logback:logback-classic                               │                     │          │        │                   │                                     │                                                              │
│ (ldio-ldes-client-jar-with-dependencies.jar)                 │                     │          │        │                   │                                     │                                                              │
├──────────────────────────────────────────────────────────────┤                     │          │        │                   │                                     │                                                              │
│ ch.qos.logback:logback-classic                               │                     │          │        │                   │                                     │                                                              │
│ (ldio-ngsiv2-to-ld-adapter-jar-with-dependencies.jar)        │                     │          │        │                   │                                     │                                                              │
├──────────────────────────────────────────────────────────────┤                     │          │        │                   │                                     │                                                              │
│ ch.qos.logback:logback-classic                               │                     │          │        │                   │                                     │                                                              │
│ (ldio-noop-out-jar-with-dependencies.jar)                    │                     │          │        │                   │                                     │                                                              │
├──────────────────────────────────────────────────────────────┤                     │          │        │                   │                                     │                                                              │
│ ch.qos.logback:logback-classic                               │                     │          │        │                   │                                     │                                                              │
│ (ldio-rdf-adapter-jar-with-dependencies.jar)                 │                     │          │        │                   │                                     │                                                              │
├──────────────────────────────────────────────────────────────┤                     │          │        │                   │                                     │                                                              │
│ ch.qos.logback:logback-classic                               │                     │          │        │                   │                                     │                                                              │
│ (ldio-repository-materialiser-jar-with-dependencies.jar)     │                     │          │        │                   │                                     │                                                              │
├──────────────────────────────────────────────────────────────┤                     │          │        │                   │                                     │                                                              │
│ ch.qos.logback:logback-classic                               │                     │          │        │                   │                                     │                                                              │
│ (ldio-rml-adapter-jar-with-dependencies.jar)                 │                     │          │        │                   │                                     │                                                              │
├──────────────────────────────────────────────────────────────┤                     │          │        │                   │                                     │                                                              │
│ ch.qos.logback:logback-classic                               │                     │          │        │                   │                                     │                                                              │
│ (ldio-sparql-construct-jar-with-dependencies.jar)            │                     │          │        │                   │                                     │                                                              │
├──────────────────────────────────────────────────────────────┤                     │          │        │                   │                                     │                                                              │
│ ch.qos.logback:logback-classic                               │                     │          │        │                   │                                     │                                                              │
│ (ldio-version-materialiser-jar-with-dependencies.jar)        │                     │          │        │                   │                                     │                                                              │
├──────────────────────────────────────────────────────────────┤                     │          │        │                   │                                     │                                                              │
│ ch.qos.logback:logback-classic                               │                     │          │        │                   │                                     │                                                              │
│ (ldio-version-object-creator-jar-with-dependencies.jar)      │                     │          │        │                   │                                     │                                                              │
├──────────────────────────────────────────────────────────────┤                     │          │        │                   │                                     │                                                              │
│ ch.qos.logback:logback-core (ldio-application.jar)           │                     │          │        │                   │                                     │                                                              │
│                                                              │                     │          │        │                   │                                     │                                                              │
├──────────────────────────────────────────────────────────────┤                     │          │        │                   │                                     │                                                              │
│ ch.qos.logback:logback-core                                  │                     │          │        │                   │                                     │                                                              │
│ (ldio-amqp-jar-with-dependencies.jar)                        │                     │          │        │                   │                                     │                                                              │
├──────────────────────────────────────────────────────────────┤                     │          │        │                   │                                     │                                                              │
│ ch.qos.logback:logback-core                                  │                     │          │        │                   │                                     │                                                              │
│ (ldio-change-detection-filter-jar-with-dependencies.jar)     │                     │          │        │                   │                                     │                                                              │
├──────────────────────────────────────────────────────────────┤                     │          │        │                   │                                     │                                                              │
│ ch.qos.logback:logback-core                                  │                     │          │        │                   │                                     │                                                              │
│ (ldio-console-out-jar-with-dependencies.jar)                 │                     │          │        │                   │                                     │                                                              │
├──────────────────────────────────────────────────────────────┤                     │          │        │                   │                                     │                                                              │
│ ch.qos.logback:logback-core                                  │                     │          │        │                   │                                     │                                                              │
│ (ldio-geojson-to-wkt-jar-with-dependencies.jar)              │                     │          │        │                   │                                     │                                                              │
├──────────────────────────────────────────────────────────────┤                     │          │        │                   │                                     │                                                              │
│ ch.qos.logback:logback-core                                  │                     │          │        │                   │                                     │                                                              │
│ (ldio-http-enricher-jar-with-dependencies.jar)               │                     │          │        │                   │                                     │                                                              │
├──────────────────────────────────────────────────────────────┤                     │          │        │                   │                                     │                                                              │
│ ch.qos.logback:logback-core                                  │                     │          │        │                   │                                     │                                                              │
│ (ldio-http-in-jar-with-dependencies.jar)                     │                     │          │        │                   │                                     │                                                              │
├──────────────────────────────────────────────────────────────┤                     │          │        │                   │                                     │                                                              │
│ ch.qos.logback:logback-core                                  │                     │          │        │                   │                                     │                                                              │
│ (ldio-http-in-poller-jar-with-dependencies.jar)              │                     │          │        │                   │                                     │                                                              │
├──────────────────────────────────────────────────────────────┤                     │          │        │                   │                                     │                                                              │
│ ch.qos.logback:logback-core                                  │                     │          │        │                   │                                     │                                                              │
│ (ldio-http-out-jar-with-dependencies.jar)                    │                     │          │        │                   │                                     │                                                              │
├──────────────────────────────────────────────────────────────┤                     │          │        │                   │                                     │                                                              │
│ ch.qos.logback:logback-core                                  │                     │          │        │                   │                                     │                                                              │
│ (ldio-json-to-ld-adapter-jar-with-dependencies.jar)          │                     │          │        │                   │                                     │                                                              │
├──────────────────────────────────────────────────────────────┤                     │          │        │                   │                                     │                                                              │
│ ch.qos.logback:logback-core                                  │                     │          │        │                   │                                     │                                                              │
│ (ldio-kafka-jar-with-dependencies.jar)                       │                     │          │        │                   │                                     │                                                              │
├──────────────────────────────────────────────────────────────┤                     │          │        │                   │                                     │                                                              │
│ ch.qos.logback:logback-core                                  │                     │          │        │                   │                                     │                                                              │
│ (ldio-ldes-client-connector-jar-with-dependencies.jar)       │                     │          │        │                   │                                     │                                                              │
├──────────────────────────────────────────────────────────────┤                     │          │        │                   │                                     │                                                              │
│ ch.qos.logback:logback-core                                  │                     │          │        │                   │                                     │                                                              │
│ (ldio-ldes-client-jar-with-dependencies.jar)                 │                     │          │        │                   │                                     │                                                              │
├──────────────────────────────────────────────────────────────┤                     │          │        │                   │                                     │                                                              │
│ ch.qos.logback:logback-core                                  │                     │          │        │                   │                                     │                                                              │
│ (ldio-ngsiv2-to-ld-adapter-jar-with-dependencies.jar)        │                     │          │        │                   │                                     │                                                              │
├──────────────────────────────────────────────────────────────┤                     │          │        │                   │                                     │                                                              │
│ ch.qos.logback:logback-core                                  │                     │          │        │                   │                                     │                                                              │
│ (ldio-noop-out-jar-with-dependencies.jar)                    │                     │          │        │                   │                                     │                                                              │
├──────────────────────────────────────────────────────────────┤                     │          │        │                   │                                     │                                                              │
│ ch.qos.logback:logback-core                                  │                     │          │        │                   │                                     │                                                              │
│ (ldio-rdf-adapter-jar-with-dependencies.jar)                 │                     │          │        │                   │                                     │                                                              │
├──────────────────────────────────────────────────────────────┤                     │          │        │                   │                                     │                                                              │
│ ch.qos.logback:logback-core                                  │                     │          │        │                   │                                     │                                                              │
│ (ldio-repository-materialiser-jar-with-dependencies.jar)     │                     │          │        │                   │                                     │                                                              │
├──────────────────────────────────────────────────────────────┤                     │          │        │                   │                                     │                                                              │
│ ch.qos.logback:logback-core                                  │                     │          │        │                   │                                     │                                                              │
│ (ldio-rml-adapter-jar-with-dependencies.jar)                 │                     │          │        │                   │                                     │                                                              │
├──────────────────────────────────────────────────────────────┤                     │          │        │                   │                                     │                                                              │
│ ch.qos.logback:logback-core                                  │                     │          │        │                   │                                     │                                                              │
│ (ldio-sparql-construct-jar-with-dependencies.jar)            │                     │          │        │                   │                                     │                                                              │
├──────────────────────────────────────────────────────────────┤                     │          │        │                   │                                     │                                                              │
│ ch.qos.logback:logback-core                                  │                     │          │        │                   │                                     │                                                              │
│ (ldio-version-materialiser-jar-with-dependencies.jar)        │                     │          │        │                   │                                     │                                                              │
├──────────────────────────────────────────────────────────────┤                     │          │        │                   │                                     │                                                              │
│ ch.qos.logback:logback-core                                  │                     │          │        │                   │                                     │                                                              │
│ (ldio-version-object-creator-jar-with-dependencies.jar)      │                     │          │        │                   │                                     │                                                              │
├──────────────────────────────────────────────────────────────┼─────────────────────┤          │        ├───────────────────┼─────────────────────────────────────┼──────────────────────────────────────────────────────────────┤
│ io.netty:netty-codec-http2                                   │ GHSA-xpw8-rcwv-8f8p │          │        │ 4.1.97.Final      │ 4.1.100.Final                       │ io.netty:netty-codec-http2 vulnerable to HTTP/2 Rapid Reset  │
│ (ldio-http-in-poller-jar-with-dependencies.jar)              │                     │          │        │                   │                                     │ Attack                                                       │
│                                                              │                     │          │        │                   │                                     │ https://github.com/advisories/GHSA-xpw8-rcwv-8f8p            │
├──────────────────────────────────────────────────────────────┼─────────────────────┤          │        ├───────────────────┼─────────────────────────────────────┼──────────────────────────────────────────────────────────────┤
│ org.apache.commons:commons-compress                          │ CVE-2024-25710      │          │        │ 1.23.0            │ 1.26.0                              │ commons-compress: Denial of service caused by an infinite    │
│ (ldio-amqp-jar-with-dependencies.jar)                        │                     │          │        │                   │                                     │ loop for a corrupted...                                      │
│                                                              │                     │          │        │                   │                                     │ https://avd.aquasec.com/nvd/cve-2024-25710                   │
├──────────────────────────────────────────────────────────────┤                     │          │        │                   │                                     │                                                              │
│ org.apache.commons:commons-compress                          │                     │          │        │                   │                                     │                                                              │
│ (ldio-change-detection-filter-jar-with-dependencies.jar)     │                     │          │        │                   │                                     │                                                              │
│                                                              │                     │          │        │                   │                                     │                                                              │
├──────────────────────────────────────────────────────────────┤                     │          │        │                   │                                     │                                                              │
│ org.apache.commons:commons-compress                          │                     │          │        │                   │                                     │                                                              │
│ (ldio-ldes-client-jar-with-dependencies.jar)                 │                     │          │        │                   │                                     │                                                              │
│                                                              │                     │          │        │                   │                                     │                                                              │
├──────────────────────────────────────────────────────────────┤                     │          │        │                   │                                     │                                                              │
│ org.apache.commons:commons-compress                          │                     │          │        │                   │                                     │                                                              │
│ (ldio-rml-adapter-jar-with-dependencies.jar)                 │                     │          │        │                   │                                     │                                                              │
│                                                              │                     │          │        │                   │                                     │                                                              │
├──────────────────────────────────────────────────────────────┼─────────────────────┤          │        │                   │                                     ├──────────────────────────────────────────────────────────────┤
│ org.apache.commons:commons-compress                          │ CVE-2024-26308      │          │        │                   │                                     │ commons-compress: OutOfMemoryError unpacking broken Pack200  │
│ (ldio-amqp-jar-with-dependencies.jar)                        │                     │          │        │                   │                                     │ file                                                         │
│                                                              │                     │          │        │                   │                                     │ https://avd.aquasec.com/nvd/cve-2024-26308                   │
├──────────────────────────────────────────────────────────────┤                     │          │        │                   │                                     │                                                              │
│ org.apache.commons:commons-compress                          │                     │          │        │                   │                                     │                                                              │
│ (ldio-change-detection-filter-jar-with-dependencies.jar)     │                     │          │        │                   │                                     │                                                              │
│                                                              │                     │          │        │                   │                                     │                                                              │
├──────────────────────────────────────────────────────────────┤                     │          │        │                   │                                     │                                                              │
│ org.apache.commons:commons-compress                          │                     │          │        │                   │                                     │                                                              │
│ (ldio-ldes-client-jar-with-dependencies.jar)                 │                     │          │        │                   │                                     │                                                              │
│                                                              │                     │          │        │                   │                                     │                                                              │
├──────────────────────────────────────────────────────────────┤                     │          │        │                   │                                     │                                                              │
│ org.apache.commons:commons-compress                          │                     │          │        │                   │                                     │                                                              │
│ (ldio-rml-adapter-jar-with-dependencies.jar)                 │                     │          │        │                   │                                     │                                                              │
│                                                              │                     │          │        │                   │                                     │                                                              │
├──────────────────────────────────────────────────────────────┼─────────────────────┤          │        ├───────────────────┤                                     ├──────────────────────────────────────────────────────────────┤
│ org.apache.commons:commons-compress (ldio-application.jar)   │ CVE-2024-25710      │          │        │ 1.24.0            │                                     │ commons-compress: Denial of service caused by an infinite    │
│                                                              │                     │          │        │                   │                                     │ loop for a corrupted...                                      │
│                                                              │                     │          │        │                   │                                     │ https://avd.aquasec.com/nvd/cve-2024-25710                   │
├──────────────────────────────────────────────────────────────┤                     │          │        │                   │                                     │                                                              │
│ org.apache.commons:commons-compress                          │                     │          │        │                   │                                     │                                                              │
│ (ldio-console-out-jar-with-dependencies.jar)                 │                     │          │        │                   │                                     │                                                              │
│                                                              │                     │          │        │                   │                                     │                                                              │
├──────────────────────────────────────────────────────────────┤                     │          │        │                   │                                     │                                                              │
│ org.apache.commons:commons-compress                          │                     │          │        │                   │                                     │                                                              │
│ (ldio-geojson-to-wkt-jar-with-dependencies.jar)              │                     │          │        │                   │                                     │                                                              │
│                                                              │                     │          │        │                   │                                     │                                                              │
├──────────────────────────────────────────────────────────────┤                     │          │        │                   │                                     │                                                              │
│ org.apache.commons:commons-compress                          │                     │          │        │                   │                                     │                                                              │
│ (ldio-http-enricher-jar-with-dependencies.jar)               │                     │          │        │                   │                                     │                                                              │
│                                                              │                     │          │        │                   │                                     │                                                              │
├──────────────────────────────────────────────────────────────┤                     │          │        │                   │                                     │                                                              │
│ org.apache.commons:commons-compress                          │                     │          │        │                   │                                     │                                                              │
│ (ldio-http-in-jar-with-dependencies.jar)                     │                     │          │        │                   │                                     │                                                              │
│                                                              │                     │          │        │                   │                                     │                                                              │
├──────────────────────────────────────────────────────────────┤                     │          │        │                   │                                     │                                                              │
│ org.apache.commons:commons-compress                          │                     │          │        │                   │                                     │                                                              │
│ (ldio-http-in-poller-jar-with-dependencies.jar)              │                     │          │        │                   │                                     │                                                              │
│                                                              │                     │          │        │                   │                                     │                                                              │
├──────────────────────────────────────────────────────────────┤                     │          │        │                   │                                     │                                                              │
│ org.apache.commons:commons-compress                          │                     │          │        │                   │                                     │                                                              │
│ (ldio-http-out-jar-with-dependencies.jar)                    │                     │          │        │                   │                                     │                                                              │
│                                                              │                     │          │        │                   │                                     │                                                              │
├──────────────────────────────────────────────────────────────┤                     │          │        │                   │                                     │                                                              │
│ org.apache.commons:commons-compress                          │                     │          │        │                   │                                     │                                                              │
│ (ldio-json-to-ld-adapter-jar-with-dependencies.jar)          │                     │          │        │                   │                                     │                                                              │
│                                                              │                     │          │        │                   │                                     │                                                              │
├──────────────────────────────────────────────────────────────┤                     │          │        │                   │                                     │                                                              │
│ org.apache.commons:commons-compress                          │                     │          │        │                   │                                     │                                                              │
│ (ldio-kafka-jar-with-dependencies.jar)                       │                     │          │        │                   │                                     │                                                              │
│                                                              │                     │          │        │                   │                                     │                                                              │
├──────────────────────────────────────────────────────────────┤                     │          │        │                   │                                     │                                                              │
│ org.apache.commons:commons-compress                          │                     │          │        │                   │                                     │                                                              │
│ (ldio-ldes-client-connector-jar-with-dependencies.jar)       │                     │          │        │                   │                                     │                                                              │
│                                                              │                     │          │        │                   │                                     │                                                              │
├──────────────────────────────────────────────────────────────┤                     │          │        │                   │                                     │                                                              │
│ org.apache.commons:commons-compress                          │                     │          │        │                   │                                     │                                                              │
│ (ldio-ngsiv2-to-ld-adapter-jar-with-dependencies.jar)        │                     │          │        │                   │                                     │                                                              │
│                                                              │                     │          │        │                   │                                     │                                                              │
├──────────────────────────────────────────────────────────────┤                     │          │        │                   │                                     │                                                              │
│ org.apache.commons:commons-compress                          │                     │          │        │                   │                                     │                                                              │
│ (ldio-noop-out-jar-with-dependencies.jar)                    │                     │          │        │                   │                                     │                                                              │
│                                                              │                     │          │        │                   │                                     │                                                              │
├──────────────────────────────────────────────────────────────┤                     │          │        │                   │                                     │                                                              │
│ org.apache.commons:commons-compress                          │                     │          │        │                   │                                     │                                                              │
│ (ldio-rdf-adapter-jar-with-dependencies.jar)                 │                     │          │        │                   │                                     │                                                              │
│                                                              │                     │          │        │                   │                                     │                                                              │
├──────────────────────────────────────────────────────────────┤                     │          │        │                   │                                     │                                                              │
│ org.apache.commons:commons-compress                          │                     │          │        │                   │                                     │                                                              │
│ (ldio-repository-materialiser-jar-with-dependencies.jar)     │                     │          │        │                   │                                     │                                                              │
│                                                              │                     │          │        │                   │                                     │                                                              │
├──────────────────────────────────────────────────────────────┤                     │          │        │                   │                                     │                                                              │
│ org.apache.commons:commons-compress                          │                     │          │        │                   │                                     │                                                              │
│ (ldio-sparql-construct-jar-with-dependencies.jar)            │                     │          │        │                   │                                     │                                                              │
│                                                              │                     │          │        │                   │                                     │                                                              │
├──────────────────────────────────────────────────────────────┤                     │          │        │                   │                                     │                                                              │
│ org.apache.commons:commons-compress                          │                     │          │        │                   │                                     │                                                              │
│ (ldio-version-materialiser-jar-with-dependencies.jar)        │                     │          │        │                   │                                     │                                                              │
│                                                              │                     │          │        │                   │                                     │                                                              │
├──────────────────────────────────────────────────────────────┤                     │          │        │                   │                                     │                                                              │
│ org.apache.commons:commons-compress                          │                     │          │        │                   │                                     │                                                              │
│ (ldio-version-object-creator-jar-with-dependencies.jar)      │                     │          │        │                   │                                     │                                                              │
│                                                              │                     │          │        │                   │                                     │                                                              │
├──────────────────────────────────────────────────────────────┼─────────────────────┤          │        │                   │                                     ├──────────────────────────────────────────────────────────────┤
│ org.apache.commons:commons-compress (ldio-application.jar)   │ CVE-2024-26308      │          │        │                   │                                     │ commons-compress: OutOfMemoryError unpacking broken Pack200  │
│                                                              │                     │          │        │                   │                                     │ file                                                         │
│                                                              │                     │          │        │                   │                                     │ https://avd.aquasec.com/nvd/cve-2024-26308                   │
├──────────────────────────────────────────────────────────────┤                     │          │        │                   │                                     │                                                              │
│ org.apache.commons:commons-compress                          │                     │          │        │                   │                                     │                                                              │
│ (ldio-console-out-jar-with-dependencies.jar)                 │                     │          │        │                   │                                     │                                                              │
│                                                              │                     │          │        │                   │                                     │                                                              │
├──────────────────────────────────────────────────────────────┤                     │          │        │                   │                                     │                                                              │
│ org.apache.commons:commons-compress                          │                     │          │        │                   │                                     │                                                              │
│ (ldio-geojson-to-wkt-jar-with-dependencies.jar)              │                     │          │        │                   │                                     │                                                              │
│                                                              │                     │          │        │                   │                                     │                                                              │
├──────────────────────────────────────────────────────────────┤                     │          │        │                   │                                     │                                                              │
│ org.apache.commons:commons-compress                          │                     │          │        │                   │                                     │                                                              │
│ (ldio-http-enricher-jar-with-dependencies.jar)               │                     │          │        │                   │                                     │                                                              │
│                                                              │                     │          │        │                   │                                     │                                                              │
├──────────────────────────────────────────────────────────────┤                     │          │        │                   │                                     │                                                              │
│ org.apache.commons:commons-compress                          │                     │          │        │                   │                                     │                                                              │
│ (ldio-http-in-jar-with-dependencies.jar)                     │                     │          │        │                   │                                     │                                                              │
│                                                              │                     │          │        │                   │                                     │                                                              │
├──────────────────────────────────────────────────────────────┤                     │          │        │                   │                                     │                                                              │
│ org.apache.commons:commons-compress                          │                     │          │        │                   │                                     │                                                              │
│ (ldio-http-in-poller-jar-with-dependencies.jar)              │                     │          │        │                   │                                     │                                                              │
│                                                              │                     │          │        │                   │                                     │                                                              │
├──────────────────────────────────────────────────────────────┤                     │          │        │                   │                                     │                                                              │
│ org.apache.commons:commons-compress                          │                     │          │        │                   │                                     │                                                              │
│ (ldio-http-out-jar-with-dependencies.jar)                    │                     │          │        │                   │                                     │                                                              │
│                                                              │                     │          │        │                   │                                     │                                                              │
├──────────────────────────────────────────────────────────────┤                     │          │        │                   │                                     │                                                              │
│ org.apache.commons:commons-compress                          │                     │          │        │                   │                                     │                                                              │
│ (ldio-json-to-ld-adapter-jar-with-dependencies.jar)          │                     │          │        │                   │                                     │                                                              │
│                                                              │                     │          │        │                   │                                     │                                                              │
├──────────────────────────────────────────────────────────────┤                     │          │        │                   │                                     │                                                              │
│ org.apache.commons:commons-compress                          │                     │          │        │                   │                                     │                                                              │
│ (ldio-kafka-jar-with-dependencies.jar)                       │                     │          │        │                   │                                     │                                                              │
│                                                              │                     │          │        │                   │                                     │                                                              │
├──────────────────────────────────────────────────────────────┤                     │          │        │                   │                                     │                                                              │
│ org.apache.commons:commons-compress                          │                     │          │        │                   │                                     │                                                              │
│ (ldio-ldes-client-connector-jar-with-dependencies.jar)       │                     │          │        │                   │                                     │                                                              │
│                                                              │                     │          │        │                   │                                     │                                                              │
├──────────────────────────────────────────────────────────────┤                     │          │        │                   │                                     │                                                              │
│ org.apache.commons:commons-compress                          │                     │          │        │                   │                                     │                                                              │
│ (ldio-ngsiv2-to-ld-adapter-jar-with-dependencies.jar)        │                     │          │        │                   │                                     │                                                              │
│                                                              │                     │          │        │                   │                                     │                                                              │
├──────────────────────────────────────────────────────────────┤                     │          │        │                   │                                     │                                                              │
│ org.apache.commons:commons-compress                          │                     │          │        │                   │                                     │                                                              │
│ (ldio-noop-out-jar-with-dependencies.jar)                    │                     │          │        │                   │                                     │                                                              │
│                                                              │                     │          │        │                   │                                     │                                                              │
├──────────────────────────────────────────────────────────────┤                     │          │        │                   │                                     │                                                              │
│ org.apache.commons:commons-compress                          │                     │          │        │                   │                                     │                                                              │
│ (ldio-rdf-adapter-jar-with-dependencies.jar)                 │                     │          │        │                   │                                     │                                                              │
│                                                              │                     │          │        │                   │                                     │                                                              │
├──────────────────────────────────────────────────────────────┤                     │          │        │                   │                                     │                                                              │
│ org.apache.commons:commons-compress                          │                     │          │        │                   │                                     │                                                              │
│ (ldio-repository-materialiser-jar-with-dependencies.jar)     │                     │          │        │                   │                                     │                                                              │
│                                                              │                     │          │        │                   │                                     │                                                              │
├──────────────────────────────────────────────────────────────┤                     │          │        │                   │                                     │                                                              │
│ org.apache.commons:commons-compress                          │                     │          │        │                   │                                     │                                                              │
│ (ldio-sparql-construct-jar-with-dependencies.jar)            │                     │          │        │                   │                                     │                                                              │
│                                                              │                     │          │        │                   │                                     │                                                              │
├──────────────────────────────────────────────────────────────┤                     │          │        │                   │                                     │                                                              │
│ org.apache.commons:commons-compress                          │                     │          │        │                   │                                     │                                                              │
│ (ldio-version-materialiser-jar-with-dependencies.jar)        │                     │          │        │                   │                                     │                                                              │
│                                                              │                     │          │        │                   │                                     │                                                              │
├──────────────────────────────────────────────────────────────┤                     │          │        │                   │                                     │                                                              │
│ org.apache.commons:commons-compress                          │                     │          │        │                   │                                     │                                                              │
│ (ldio-version-object-creator-jar-with-dependencies.jar)      │                     │          │        │                   │                                     │                                                              │
│                                                              │                     │          │        │                   │                                     │                                                              │
├──────────────────────────────────────────────────────────────┼─────────────────────┤          │        ├───────────────────┼─────────────────────────────────────┼──────────────────────────────────────────────────────────────┤
│ org.apache.tomcat.embed:tomcat-embed-core                    │ CVE-2023-46589      │          │        │ 10.1.12           │ 11.0.0-M11, 10.1.16, 9.0.83, 8.5.96 │ tomcat: HTTP request smuggling via malformed trailer headers │
│ (ldio-application.jar)                                       │                     │          │        │                   │                                     │ https://avd.aquasec.com/nvd/cve-2023-46589                   │
├──────────────────────────────────────────────────────────────┼─────────────────────┤          │        ├───────────────────┼─────────────────────────────────────┼──────────────────────────────────────────────────────────────┤
│ org.springframework:spring-web (ldio-application.jar)        │ CVE-2024-22243      │          │        │ 6.0.11            │ 6.1.4, 6.0.17, 5.3.32               │ springframework: URL Parsing with Host Validation            │
│                                                              │                     │          │        │                   │                                     │ https://avd.aquasec.com/nvd/cve-2024-22243                   │
│                                                              ├─────────────────────┤          │        │                   ├─────────────────────────────────────┼──────────────────────────────────────────────────────────────┤
│                                                              │ CVE-2024-22259      │          │        │                   │ 6.1.5, 6.0.18, 5.3.33               │ springframework: URL Parsing with Host Validation            │
│                                                              │                     │          │        │                   │                                     │ https://avd.aquasec.com/nvd/cve-2024-22259                   │
│                                                              ├─────────────────────┤          │        │                   ├─────────────────────────────────────┼──────────────────────────────────────────────────────────────┤
│                                                              │ CVE-2024-22262      │          │        │                   │ 5.3.34, 6.0.19, 6.1.6               │ springframework: URL Parsing with Host Validation            │
│                                                              │                     │          │        │                   │                                     │ https://avd.aquasec.com/nvd/cve-2024-22262                   │
├──────────────────────────────────────────────────────────────┼─────────────────────┤          │        │                   ├─────────────────────────────────────┼──────────────────────────────────────────────────────────────┤
│ org.springframework:spring-webmvc (ldio-application.jar)     │ CVE-2023-34053      │          │        │                   │ 6.0.14                              │ springframework: io.micrometer:micrometer-core classpath     │
│                                                              │                     │          │        │                   │                                     │ vulnerable to denial of service                              │
│                                                              │                     │          │        │                   │                                     │ https://avd.aquasec.com/nvd/cve-2023-34053                   │
├──────────────────────────────────────────────────────────────┼─────────────────────┤          │        ├───────────────────┼─────────────────────────────────────┼──────────────────────────────────────────────────────────────┤
│ org.yaml:snakeyaml (ldio-application.jar)                    │ CVE-2022-1471       │          │        │ 1.33              │ 2.0                                 │ SnakeYaml: Constructor Deserialization Remote Code Execution │
│                                                              │                     │          │        │                   │                                     │ https://avd.aquasec.com/nvd/cve-2022-1471                    │
├──────────────────────────────────────────────────────────────┤                     │          │        │                   │                                     │                                                              │
│ org.yaml:snakeyaml (ldio-amqp-jar-with-dependencies.jar)     │                     │          │        │                   │                                     │                                                              │
│                                                              │                     │          │        │                   │                                     │                                                              │
├──────────────────────────────────────────────────────────────┤                     │          │        │                   │                                     │                                                              │
│ org.yaml:snakeyaml                                           │                     │          │        │                   │                                     │                                                              │
│ (ldio-change-detection-filter-jar-with-dependencies.jar)     │                     │          │        │                   │                                     │                                                              │
├──────────────────────────────────────────────────────────────┤                     │          │        │                   │                                     │                                                              │
│ org.yaml:snakeyaml                                           │                     │          │        │                   │                                     │                                                              │
│ (ldio-console-out-jar-with-dependencies.jar)                 │                     │          │        │                   │                                     │                                                              │
├──────────────────────────────────────────────────────────────┤                     │          │        │                   │                                     │                                                              │
│ org.yaml:snakeyaml                                           │                     │          │        │                   │                                     │                                                              │
│ (ldio-geojson-to-wkt-jar-with-dependencies.jar)              │                     │          │        │                   │                                     │                                                              │
├──────────────────────────────────────────────────────────────┤                     │          │        │                   │                                     │                                                              │
│ org.yaml:snakeyaml                                           │                     │          │        │                   │                                     │                                                              │
│ (ldio-http-enricher-jar-with-dependencies.jar)               │                     │          │        │                   │                                     │                                                              │
├──────────────────────────────────────────────────────────────┤                     │          │        │                   │                                     │                                                              │
│ org.yaml:snakeyaml (ldio-http-in-jar-with-dependencies.jar)  │                     │          │        │                   │                                     │                                                              │
│                                                              │                     │          │        │                   │                                     │                                                              │
├──────────────────────────────────────────────────────────────┤                     │          │        │                   │                                     │                                                              │
│ org.yaml:snakeyaml                                           │                     │          │        │                   │                                     │                                                              │
│ (ldio-http-in-poller-jar-with-dependencies.jar)              │                     │          │        │                   │                                     │                                                              │
├──────────────────────────────────────────────────────────────┤                     │          │        │                   │                                     │                                                              │
│ org.yaml:snakeyaml (ldio-http-out-jar-with-dependencies.jar) │                     │          │        │                   │                                     │                                                              │
│                                                              │                     │          │        │                   │                                     │                                                              │
├──────────────────────────────────────────────────────────────┤                     │          │        │                   │                                     │                                                              │
│ org.yaml:snakeyaml                                           │                     │          │        │                   │                                     │                                                              │
│ (ldio-json-to-ld-adapter-jar-with-dependencies.jar)          │                     │          │        │                   │                                     │                                                              │
├──────────────────────────────────────────────────────────────┤                     │          │        │                   │                                     │                                                              │
│ org.yaml:snakeyaml (ldio-kafka-jar-with-dependencies.jar)    │                     │          │        │                   │                                     │                                                              │
│                                                              │                     │          │        │                   │                                     │                                                              │
├──────────────────────────────────────────────────────────────┤                     │          │        │                   │                                     │                                                              │
│ org.yaml:snakeyaml                                           │                     │          │        │                   │                                     │                                                              │
│ (ldio-ldes-client-connector-jar-with-dependencies.jar)       │                     │          │        │                   │                                     │                                                              │
├──────────────────────────────────────────────────────────────┤                     │          │        │                   │                                     │                                                              │
│ org.yaml:snakeyaml                                           │                     │          │        │                   │                                     │                                                              │
│ (ldio-ldes-client-jar-with-dependencies.jar)                 │                     │          │        │                   │                                     │                                                              │
├──────────────────────────────────────────────────────────────┤                     │          │        │                   │                                     │                                                              │
│ org.yaml:snakeyaml                                           │                     │          │        │                   │                                     │                                                              │
│ (ldio-ngsiv2-to-ld-adapter-jar-with-dependencies.jar)        │                     │          │        │                   │                                     │                                                              │
├──────────────────────────────────────────────────────────────┤                     │          │        │                   │                                     │                                                              │
│ org.yaml:snakeyaml (ldio-noop-out-jar-with-dependencies.jar) │                     │          │        │                   │                                     │                                                              │
│                                                              │                     │          │        │                   │                                     │                                                              │
├──────────────────────────────────────────────────────────────┤                     │          │        │                   │                                     │                                                              │
│ org.yaml:snakeyaml                                           │                     │          │        │                   │                                     │                                                              │
│ (ldio-rdf-adapter-jar-with-dependencies.jar)                 │                     │          │        │                   │                                     │                                                              │
├──────────────────────────────────────────────────────────────┤                     │          │        │                   │                                     │                                                              │
│ org.yaml:snakeyaml                                           │                     │          │        │                   │                                     │                                                              │
│ (ldio-repository-materialiser-jar-with-dependencies.jar)     │                     │          │        │                   │                                     │                                                              │
├──────────────────────────────────────────────────────────────┤                     │          │        │                   │                                     │                                                              │
│ org.yaml:snakeyaml                                           │                     │          │        │                   │                                     │                                                              │
│ (ldio-rml-adapter-jar-with-dependencies.jar)                 │                     │          │        │                   │                                     │                                                              │
├──────────────────────────────────────────────────────────────┤                     │          │        │                   │                                     │                                                              │
│ org.yaml:snakeyaml                                           │                     │          │        │                   │                                     │                                                              │
│ (ldio-sparql-construct-jar-with-dependencies.jar)            │                     │          │        │                   │                                     │                                                              │
├──────────────────────────────────────────────────────────────┤                     │          │        │                   │                                     │                                                              │
│ org.yaml:snakeyaml                                           │                     │          │        │                   │                                     │                                                              │
│ (ldio-version-materialiser-jar-with-dependencies.jar)        │                     │          │        │                   │                                     │                                                              │
├──────────────────────────────────────────────────────────────┤                     │          │        │                   │                                     │                                                              │
│ org.yaml:snakeyaml                                           │                     │          │        │                   │                                     │                                                              │
│ (ldio-version-object-creator-jar-with-dependencies.jar)      │                     │          │        │                   │                                     │                                                              │
└──────────────────────────────────────────────────────────────┴─────────────────────┴──────────┴────────┴───────────────────┴─────────────────────────────────────┴──────────────────────────────────────────────────────────────┘
