
ldi-core/ldes-client/pom.xml (pom)
==================================
Total: 1 (HIGH: 0, CRITICAL: 1)

┌───────────────────────────┬───────────────┬──────────┬────────┬───────────────────┬─────────────────────────────────────────────────┬──────────────────────────────────────────────────────────────┐
│          Library          │ Vulnerability │ Severity │ Status │ Installed Version │                  Fixed Version                  │                            Title                             │
├───────────────────────────┼───────────────┼──────────┼────────┼───────────────────┼─────────────────────────────────────────────────┼──────────────────────────────────────────────────────────────┤
│ org.postgresql:postgresql │ CVE-2024-1597 │ CRITICAL │ fixed  │ 42.6.0            │ 42.2.28, 42.3.9, 42.4.4, 42.5.5, 42.6.1, 42.7.2 │ pgjdbc: PostgreSQL JDBC Driver allows attacker to inject SQL │
│                           │               │          │        │                   │                                                 │ if using PreferQueryMode=SIMPLE...                           │
│                           │               │          │        │                   │                                                 │ https://avd.aquasec.com/nvd/cve-2024-1597                    │
└───────────────────────────┴───────────────┴──────────┴────────┴───────────────────┴─────────────────────────────────────────────────┴──────────────────────────────────────────────────────────────┘

ldi-core/ldes-client/tree-node-supplier/pom.xml (pom)
=====================================================
Total: 1 (HIGH: 0, CRITICAL: 1)

┌───────────────────────────┬───────────────┬──────────┬────────┬───────────────────┬─────────────────────────────────────────────────┬──────────────────────────────────────────────────────────────┐
│          Library          │ Vulnerability │ Severity │ Status │ Installed Version │                  Fixed Version                  │                            Title                             │
├───────────────────────────┼───────────────┼──────────┼────────┼───────────────────┼─────────────────────────────────────────────────┼──────────────────────────────────────────────────────────────┤
│ org.postgresql:postgresql │ CVE-2024-1597 │ CRITICAL │ fixed  │ 42.6.0            │ 42.2.28, 42.3.9, 42.4.4, 42.5.5, 42.6.1, 42.7.2 │ pgjdbc: PostgreSQL JDBC Driver allows attacker to inject SQL │
│                           │               │          │        │                   │                                                 │ if using PreferQueryMode=SIMPLE...                           │
│                           │               │          │        │                   │                                                 │ https://avd.aquasec.com/nvd/cve-2024-1597                    │
└───────────────────────────┴───────────────┴──────────┴────────┴───────────────────┴─────────────────────────────────────────────────┴──────────────────────────────────────────────────────────────┘

ldi-core/ldi-infra-sql/pom.xml (pom)
====================================
Total: 1 (HIGH: 0, CRITICAL: 1)

┌───────────────────────────┬───────────────┬──────────┬────────┬───────────────────┬─────────────────────────────────────────────────┬──────────────────────────────────────────────────────────────┐
│          Library          │ Vulnerability │ Severity │ Status │ Installed Version │                  Fixed Version                  │                            Title                             │
├───────────────────────────┼───────────────┼──────────┼────────┼───────────────────┼─────────────────────────────────────────────────┼──────────────────────────────────────────────────────────────┤
│ org.postgresql:postgresql │ CVE-2024-1597 │ CRITICAL │ fixed  │ 42.6.0            │ 42.2.28, 42.3.9, 42.4.4, 42.5.5, 42.6.1, 42.7.2 │ pgjdbc: PostgreSQL JDBC Driver allows attacker to inject SQL │
│                           │               │          │        │                   │                                                 │ if using PreferQueryMode=SIMPLE...                           │
│                           │               │          │        │                   │                                                 │ https://avd.aquasec.com/nvd/cve-2024-1597                    │
└───────────────────────────┴───────────────┴──────────┴────────┴───────────────────┴─────────────────────────────────────────────────┴──────────────────────────────────────────────────────────────┘

ldi-core/pom.xml (pom)
======================
Total: 1 (HIGH: 0, CRITICAL: 1)

┌───────────────────────────┬───────────────┬──────────┬────────┬───────────────────┬─────────────────────────────────────────────────┬──────────────────────────────────────────────────────────────┐
│          Library          │ Vulnerability │ Severity │ Status │ Installed Version │                  Fixed Version                  │                            Title                             │
├───────────────────────────┼───────────────┼──────────┼────────┼───────────────────┼─────────────────────────────────────────────────┼──────────────────────────────────────────────────────────────┤
│ org.postgresql:postgresql │ CVE-2024-1597 │ CRITICAL │ fixed  │ 42.6.0            │ 42.2.28, 42.3.9, 42.4.4, 42.5.5, 42.6.1, 42.7.2 │ pgjdbc: PostgreSQL JDBC Driver allows attacker to inject SQL │
│                           │               │          │        │                   │                                                 │ if using PreferQueryMode=SIMPLE...                           │
│                           │               │          │        │                   │                                                 │ https://avd.aquasec.com/nvd/cve-2024-1597                    │
└───────────────────────────┴───────────────┴──────────┴────────┴───────────────────┴─────────────────────────────────────────────────┴──────────────────────────────────────────────────────────────┘

ldi-extensions/ldes-discoverer/pom.xml (pom)
============================================
Total: 3 (HIGH: 3, CRITICAL: 0)

┌────────────────────────────────┬───────────────┬──────────┬────────┬───────────────────┬────────────────────────┬──────────────────────────────────────────────────────────────┐
│            Library             │ Vulnerability │ Severity │ Status │ Installed Version │     Fixed Version      │                            Title                             │
├────────────────────────────────┼───────────────┼──────────┼────────┼───────────────────┼────────────────────────┼──────────────────────────────────────────────────────────────┤
│ ch.qos.logback:logback-classic │ CVE-2023-6378 │ HIGH     │ fixed  │ 1.4.11            │ 1.3.12, 1.4.12, 1.2.13 │ logback: serialization vulnerability in logback receiver     │
│                                │               │          │        │                   │                        │ https://avd.aquasec.com/nvd/cve-2023-6378                    │
├────────────────────────────────┤               │          │        │                   │                        │                                                              │
│ ch.qos.logback:logback-core    │               │          │        │                   │                        │                                                              │
│                                │               │          │        │                   │                        │                                                              │
├────────────────────────────────┼───────────────┤          │        ├───────────────────┼────────────────────────┼──────────────────────────────────────────────────────────────┤
│ org.yaml:snakeyaml             │ CVE-2022-1471 │          │        │ 1.33              │ 2.0                    │ SnakeYaml: Constructor Deserialization Remote Code Execution │
│                                │               │          │        │                   │                        │ https://avd.aquasec.com/nvd/cve-2022-1471                    │
└────────────────────────────────┴───────────────┴──────────┴────────┴───────────────────┴────────────────────────┴──────────────────────────────────────────────────────────────┘

ldi-extensions/pom.xml (pom)
============================
Total: 3 (HIGH: 3, CRITICAL: 0)

┌────────────────────────────────┬───────────────┬──────────┬────────┬───────────────────┬────────────────────────┬──────────────────────────────────────────────────────────────┐
│            Library             │ Vulnerability │ Severity │ Status │ Installed Version │     Fixed Version      │                            Title                             │
├────────────────────────────────┼───────────────┼──────────┼────────┼───────────────────┼────────────────────────┼──────────────────────────────────────────────────────────────┤
│ ch.qos.logback:logback-classic │ CVE-2023-6378 │ HIGH     │ fixed  │ 1.4.11            │ 1.3.12, 1.4.12, 1.2.13 │ logback: serialization vulnerability in logback receiver     │
│                                │               │          │        │                   │                        │ https://avd.aquasec.com/nvd/cve-2023-6378                    │
├────────────────────────────────┤               │          │        │                   │                        │                                                              │
│ ch.qos.logback:logback-core    │               │          │        │                   │                        │                                                              │
│                                │               │          │        │                   │                        │                                                              │
├────────────────────────────────┼───────────────┤          │        ├───────────────────┼────────────────────────┼──────────────────────────────────────────────────────────────┤
│ org.yaml:snakeyaml             │ CVE-2022-1471 │          │        │ 1.33              │ 2.0                    │ SnakeYaml: Constructor Deserialization Remote Code Execution │
│                                │               │          │        │                   │                        │ https://avd.aquasec.com/nvd/cve-2022-1471                    │
└────────────────────────────────┴───────────────┴──────────┴────────┴───────────────────┴────────────────────────┴──────────────────────────────────────────────────────────────┘

ldi-orchestrator/ldio-application/pom.xml (pom)
===============================================
Total: 3 (HIGH: 3, CRITICAL: 0)

┌────────────────────────────────┬───────────────┬──────────┬────────┬───────────────────┬────────────────────────┬──────────────────────────────────────────────────────────────┐
│            Library             │ Vulnerability │ Severity │ Status │ Installed Version │     Fixed Version      │                            Title                             │
├────────────────────────────────┼───────────────┼──────────┼────────┼───────────────────┼────────────────────────┼──────────────────────────────────────────────────────────────┤
│ ch.qos.logback:logback-classic │ CVE-2023-6378 │ HIGH     │ fixed  │ 1.4.11            │ 1.3.12, 1.4.12, 1.2.13 │ logback: serialization vulnerability in logback receiver     │
│                                │               │          │        │                   │                        │ https://avd.aquasec.com/nvd/cve-2023-6378                    │
├────────────────────────────────┤               │          │        │                   │                        │                                                              │
│ ch.qos.logback:logback-core    │               │          │        │                   │                        │                                                              │
│                                │               │          │        │                   │                        │                                                              │
├────────────────────────────────┼───────────────┤          │        ├───────────────────┼────────────────────────┼──────────────────────────────────────────────────────────────┤
│ org.yaml:snakeyaml             │ CVE-2022-1471 │          │        │ 1.33              │ 2.0                    │ SnakeYaml: Constructor Deserialization Remote Code Execution │
│                                │               │          │        │                   │                        │ https://avd.aquasec.com/nvd/cve-2022-1471                    │
└────────────────────────────────┴───────────────┴──────────┴────────┴───────────────────┴────────────────────────┴──────────────────────────────────────────────────────────────┘

ldi-orchestrator/ldio-connectors/ldio-console-out/pom.xml (pom)
===============================================================
Total: 3 (HIGH: 3, CRITICAL: 0)

┌────────────────────────────────┬────────────────┬──────────┬────────┬───────────────────┬───────────────────────┬───────────────────────────────────────────────────┐
│            Library             │ Vulnerability  │ Severity │ Status │ Installed Version │     Fixed Version     │                       Title                       │
├────────────────────────────────┼────────────────┼──────────┼────────┼───────────────────┼───────────────────────┼───────────────────────────────────────────────────┤
│ org.springframework:spring-web │ CVE-2024-22243 │ HIGH     │ fixed  │ 6.0.11            │ 6.1.4, 6.0.17, 5.3.32 │ springframework: URL Parsing with Host Validation │
│                                │                │          │        │                   │                       │ https://avd.aquasec.com/nvd/cve-2024-22243        │
│                                ├────────────────┤          │        │                   ├───────────────────────┼───────────────────────────────────────────────────┤
│                                │ CVE-2024-22259 │          │        │                   │ 6.1.5, 6.0.18, 5.3.33 │ springframework: URL Parsing with Host Validation │
│                                │                │          │        │                   │                       │ https://avd.aquasec.com/nvd/cve-2024-22259        │
│                                ├────────────────┤          │        │                   ├───────────────────────┼───────────────────────────────────────────────────┤
│                                │ CVE-2024-22262 │          │        │                   │ 5.3.34, 6.0.19, 6.1.6 │ springframework: URL Parsing with Host Validation │
│                                │                │          │        │                   │                       │ https://avd.aquasec.com/nvd/cve-2024-22262        │
└────────────────────────────────┴────────────────┴──────────┴────────┴───────────────────┴───────────────────────┴───────────────────────────────────────────────────┘

ldi-orchestrator/ldio-connectors/ldio-http-out/pom.xml (pom)
============================================================
Total: 3 (HIGH: 3, CRITICAL: 0)

┌────────────────────────────────┬────────────────┬──────────┬────────┬───────────────────┬───────────────────────┬───────────────────────────────────────────────────┐
│            Library             │ Vulnerability  │ Severity │ Status │ Installed Version │     Fixed Version     │                       Title                       │
├────────────────────────────────┼────────────────┼──────────┼────────┼───────────────────┼───────────────────────┼───────────────────────────────────────────────────┤
│ org.springframework:spring-web │ CVE-2024-22243 │ HIGH     │ fixed  │ 6.0.11            │ 6.1.4, 6.0.17, 5.3.32 │ springframework: URL Parsing with Host Validation │
│                                │                │          │        │                   │                       │ https://avd.aquasec.com/nvd/cve-2024-22243        │
│                                ├────────────────┤          │        │                   ├───────────────────────┼───────────────────────────────────────────────────┤
│                                │ CVE-2024-22259 │          │        │                   │ 6.1.5, 6.0.18, 5.3.33 │ springframework: URL Parsing with Host Validation │
│                                │                │          │        │                   │                       │ https://avd.aquasec.com/nvd/cve-2024-22259        │
│                                ├────────────────┤          │        │                   ├───────────────────────┼───────────────────────────────────────────────────┤
│                                │ CVE-2024-22262 │          │        │                   │ 5.3.34, 6.0.19, 6.1.6 │ springframework: URL Parsing with Host Validation │
│                                │                │          │        │                   │                       │ https://avd.aquasec.com/nvd/cve-2024-22262        │
└────────────────────────────────┴────────────────┴──────────┴────────┴───────────────────┴───────────────────────┴───────────────────────────────────────────────────┘

ldi-orchestrator/ldio-connectors/pom.xml (pom)
==============================================
Total: 3 (HIGH: 3, CRITICAL: 0)

┌────────────────────────────────┬────────────────┬──────────┬────────┬───────────────────┬───────────────────────┬───────────────────────────────────────────────────┐
│            Library             │ Vulnerability  │ Severity │ Status │ Installed Version │     Fixed Version     │                       Title                       │
├────────────────────────────────┼────────────────┼──────────┼────────┼───────────────────┼───────────────────────┼───────────────────────────────────────────────────┤
│ org.springframework:spring-web │ CVE-2024-22243 │ HIGH     │ fixed  │ 6.0.11            │ 6.1.4, 6.0.17, 5.3.32 │ springframework: URL Parsing with Host Validation │
│                                │                │          │        │                   │                       │ https://avd.aquasec.com/nvd/cve-2024-22243        │
│                                ├────────────────┤          │        │                   ├───────────────────────┼───────────────────────────────────────────────────┤
│                                │ CVE-2024-22259 │          │        │                   │ 6.1.5, 6.0.18, 5.3.33 │ springframework: URL Parsing with Host Validation │
│                                │                │          │        │                   │                       │ https://avd.aquasec.com/nvd/cve-2024-22259        │
│                                ├────────────────┤          │        │                   ├───────────────────────┼───────────────────────────────────────────────────┤
│                                │ CVE-2024-22262 │          │        │                   │ 5.3.34, 6.0.19, 6.1.6 │ springframework: URL Parsing with Host Validation │
│                                │                │          │        │                   │                       │ https://avd.aquasec.com/nvd/cve-2024-22262        │
└────────────────────────────────┴────────────────┴──────────┴────────┴───────────────────┴───────────────────────┴───────────────────────────────────────────────────┘

ldi-orchestrator/pom.xml (pom)
==============================
Total: 6 (HIGH: 6, CRITICAL: 0)

┌────────────────────────────────┬────────────────┬──────────┬────────┬───────────────────┬────────────────────────┬──────────────────────────────────────────────────────────────┐
│            Library             │ Vulnerability  │ Severity │ Status │ Installed Version │     Fixed Version      │                            Title                             │
├────────────────────────────────┼────────────────┼──────────┼────────┼───────────────────┼────────────────────────┼──────────────────────────────────────────────────────────────┤
│ ch.qos.logback:logback-classic │ CVE-2023-6378  │ HIGH     │ fixed  │ 1.4.11            │ 1.3.12, 1.4.12, 1.2.13 │ logback: serialization vulnerability in logback receiver     │
│                                │                │          │        │                   │                        │ https://avd.aquasec.com/nvd/cve-2023-6378                    │
├────────────────────────────────┤                │          │        │                   │                        │                                                              │
│ ch.qos.logback:logback-core    │                │          │        │                   │                        │                                                              │
│                                │                │          │        │                   │                        │                                                              │
├────────────────────────────────┼────────────────┤          │        ├───────────────────┼────────────────────────┼──────────────────────────────────────────────────────────────┤
│ org.springframework:spring-web │ CVE-2024-22243 │          │        │ 6.0.11            │ 6.1.4, 6.0.17, 5.3.32  │ springframework: URL Parsing with Host Validation            │
│                                │                │          │        │                   │                        │ https://avd.aquasec.com/nvd/cve-2024-22243                   │
│                                ├────────────────┤          │        │                   ├────────────────────────┼──────────────────────────────────────────────────────────────┤
│                                │ CVE-2024-22259 │          │        │                   │ 6.1.5, 6.0.18, 5.3.33  │ springframework: URL Parsing with Host Validation            │
│                                │                │          │        │                   │                        │ https://avd.aquasec.com/nvd/cve-2024-22259                   │
│                                ├────────────────┤          │        │                   ├────────────────────────┼──────────────────────────────────────────────────────────────┤
│                                │ CVE-2024-22262 │          │        │                   │ 5.3.34, 6.0.19, 6.1.6  │ springframework: URL Parsing with Host Validation            │
│                                │                │          │        │                   │                        │ https://avd.aquasec.com/nvd/cve-2024-22262                   │
├────────────────────────────────┼────────────────┤          │        ├───────────────────┼────────────────────────┼──────────────────────────────────────────────────────────────┤
│ org.yaml:snakeyaml             │ CVE-2022-1471  │          │        │ 1.33              │ 2.0                    │ SnakeYaml: Constructor Deserialization Remote Code Execution │
│                                │                │          │        │                   │                        │ https://avd.aquasec.com/nvd/cve-2022-1471                    │
└────────────────────────────────┴────────────────┴──────────┴────────┴───────────────────┴────────────────────────┴──────────────────────────────────────────────────────────────┘

pom.xml (pom)
=============
Total: 7 (HIGH: 6, CRITICAL: 1)

┌────────────────────────────────┬────────────────┬──────────┬────────┬───────────────────┬─────────────────────────────────────────────────┬──────────────────────────────────────────────────────────────┐
│            Library             │ Vulnerability  │ Severity │ Status │ Installed Version │                  Fixed Version                  │                            Title                             │
├────────────────────────────────┼────────────────┼──────────┼────────┼───────────────────┼─────────────────────────────────────────────────┼──────────────────────────────────────────────────────────────┤
│ ch.qos.logback:logback-classic │ CVE-2023-6378  │ HIGH     │ fixed  │ 1.4.11            │ 1.3.12, 1.4.12, 1.2.13                          │ logback: serialization vulnerability in logback receiver     │
│                                │                │          │        │                   │                                                 │ https://avd.aquasec.com/nvd/cve-2023-6378                    │
├────────────────────────────────┤                │          │        │                   │                                                 │                                                              │
│ ch.qos.logback:logback-core    │                │          │        │                   │                                                 │                                                              │
│                                │                │          │        │                   │                                                 │                                                              │
├────────────────────────────────┼────────────────┼──────────┤        ├───────────────────┼─────────────────────────────────────────────────┼──────────────────────────────────────────────────────────────┤
│ org.postgresql:postgresql      │ CVE-2024-1597  │ CRITICAL │        │ 42.6.0            │ 42.2.28, 42.3.9, 42.4.4, 42.5.5, 42.6.1, 42.7.2 │ pgjdbc: PostgreSQL JDBC Driver allows attacker to inject SQL │
│                                │                │          │        │                   │                                                 │ if using PreferQueryMode=SIMPLE...                           │
│                                │                │          │        │                   │                                                 │ https://avd.aquasec.com/nvd/cve-2024-1597                    │
├────────────────────────────────┼────────────────┼──────────┤        ├───────────────────┼─────────────────────────────────────────────────┼──────────────────────────────────────────────────────────────┤
│ org.springframework:spring-web │ CVE-2024-22243 │ HIGH     │        │ 6.0.11            │ 6.1.4, 6.0.17, 5.3.32                           │ springframework: URL Parsing with Host Validation            │
│                                │                │          │        │                   │                                                 │ https://avd.aquasec.com/nvd/cve-2024-22243                   │
│                                ├────────────────┤          │        │                   ├─────────────────────────────────────────────────┼──────────────────────────────────────────────────────────────┤
│                                │ CVE-2024-22259 │          │        │                   │ 6.1.5, 6.0.18, 5.3.33                           │ springframework: URL Parsing with Host Validation            │
│                                │                │          │        │                   │                                                 │ https://avd.aquasec.com/nvd/cve-2024-22259                   │
│                                ├────────────────┤          │        │                   ├─────────────────────────────────────────────────┼──────────────────────────────────────────────────────────────┤
│                                │ CVE-2024-22262 │          │        │                   │ 5.3.34, 6.0.19, 6.1.6                           │ springframework: URL Parsing with Host Validation            │
│                                │                │          │        │                   │                                                 │ https://avd.aquasec.com/nvd/cve-2024-22262                   │
├────────────────────────────────┼────────────────┤          │        ├───────────────────┼─────────────────────────────────────────────────┼──────────────────────────────────────────────────────────────┤
│ org.yaml:snakeyaml             │ CVE-2022-1471  │          │        │ 1.33              │ 2.0                                             │ SnakeYaml: Constructor Deserialization Remote Code Execution │
│                                │                │          │        │                   │                                                 │ https://avd.aquasec.com/nvd/cve-2022-1471                    │
└────────────────────────────────┴────────────────┴──────────┴────────┴───────────────────┴─────────────────────────────────────────────────┴──────────────────────────────────────────────────────────────┘
