
ldes-server-infra-postgres/pom.xml (pom)
========================================
Total: 1 (HIGH: 0, CRITICAL: 1)

┌───────────────────────────┬───────────────┬──────────┬────────┬───────────────────┬─────────────────────────────────────────────────┬──────────────────────────────────────────────────────────────┐
│          Library          │ Vulnerability │ Severity │ Status │ Installed Version │                  Fixed Version                  │                            Title                             │
├───────────────────────────┼───────────────┼──────────┼────────┼───────────────────┼─────────────────────────────────────────────────┼──────────────────────────────────────────────────────────────┤
│ org.postgresql:postgresql │ CVE-2024-1597 │ CRITICAL │ fixed  │ 42.6.0            │ 42.2.28, 42.3.9, 42.4.4, 42.5.5, 42.6.1, 42.7.2 │ pgjdbc: PostgreSQL JDBC Driver allows attacker to inject SQL │
│                           │               │          │        │                   │                                                 │ if using PreferQueryMode=SIMPLE...                           │
│                           │               │          │        │                   │                                                 │ https://avd.aquasec.com/nvd/cve-2024-1597                    │
└───────────────────────────┴───────────────┴──────────┴────────┴───────────────────┴─────────────────────────────────────────────────┴──────────────────────────────────────────────────────────────┘

ldes-server-infra-postgres/postgres-admin-repository/pom.xml (pom)
==================================================================
Total: 1 (HIGH: 0, CRITICAL: 1)

┌───────────────────────────┬───────────────┬──────────┬────────┬───────────────────┬─────────────────────────────────────────────────┬──────────────────────────────────────────────────────────────┐
│          Library          │ Vulnerability │ Severity │ Status │ Installed Version │                  Fixed Version                  │                            Title                             │
├───────────────────────────┼───────────────┼──────────┼────────┼───────────────────┼─────────────────────────────────────────────────┼──────────────────────────────────────────────────────────────┤
│ org.postgresql:postgresql │ CVE-2024-1597 │ CRITICAL │ fixed  │ 42.6.0            │ 42.2.28, 42.3.9, 42.4.4, 42.5.5, 42.6.1, 42.7.2 │ pgjdbc: PostgreSQL JDBC Driver allows attacker to inject SQL │
│                           │               │          │        │                   │                                                 │ if using PreferQueryMode=SIMPLE...                           │
│                           │               │          │        │                   │                                                 │ https://avd.aquasec.com/nvd/cve-2024-1597                    │
└───────────────────────────┴───────────────┴──────────┴────────┴───────────────────┴─────────────────────────────────────────────────┴──────────────────────────────────────────────────────────────┘

ldes-server-infra-postgres/postgres-fetch-repository/pom.xml (pom)
==================================================================
Total: 1 (HIGH: 0, CRITICAL: 1)

┌───────────────────────────┬───────────────┬──────────┬────────┬───────────────────┬─────────────────────────────────────────────────┬──────────────────────────────────────────────────────────────┐
│          Library          │ Vulnerability │ Severity │ Status │ Installed Version │                  Fixed Version                  │                            Title                             │
├───────────────────────────┼───────────────┼──────────┼────────┼───────────────────┼─────────────────────────────────────────────────┼──────────────────────────────────────────────────────────────┤
│ org.postgresql:postgresql │ CVE-2024-1597 │ CRITICAL │ fixed  │ 42.6.0            │ 42.2.28, 42.3.9, 42.4.4, 42.5.5, 42.6.1, 42.7.2 │ pgjdbc: PostgreSQL JDBC Driver allows attacker to inject SQL │
│                           │               │          │        │                   │                                                 │ if using PreferQueryMode=SIMPLE...                           │
│                           │               │          │        │                   │                                                 │ https://avd.aquasec.com/nvd/cve-2024-1597                    │
└───────────────────────────┴───────────────┴──────────┴────────┴───────────────────┴─────────────────────────────────────────────────┴──────────────────────────────────────────────────────────────┘

ldes-server-infra-postgres/postgres-fragmentation-repository/pom.xml (pom)
==========================================================================
Total: 1 (HIGH: 0, CRITICAL: 1)

┌───────────────────────────┬───────────────┬──────────┬────────┬───────────────────┬─────────────────────────────────────────────────┬──────────────────────────────────────────────────────────────┐
│          Library          │ Vulnerability │ Severity │ Status │ Installed Version │                  Fixed Version                  │                            Title                             │
├───────────────────────────┼───────────────┼──────────┼────────┼───────────────────┼─────────────────────────────────────────────────┼──────────────────────────────────────────────────────────────┤
│ org.postgresql:postgresql │ CVE-2024-1597 │ CRITICAL │ fixed  │ 42.6.0            │ 42.2.28, 42.3.9, 42.4.4, 42.5.5, 42.6.1, 42.7.2 │ pgjdbc: PostgreSQL JDBC Driver allows attacker to inject SQL │
│                           │               │          │        │                   │                                                 │ if using PreferQueryMode=SIMPLE...                           │
│                           │               │          │        │                   │                                                 │ https://avd.aquasec.com/nvd/cve-2024-1597                    │
└───────────────────────────┴───────────────┴──────────┴────────┴───────────────────┴─────────────────────────────────────────────────┴──────────────────────────────────────────────────────────────┘

ldes-server-infra-postgres/postgres-ingest-repository/pom.xml (pom)
===================================================================
Total: 1 (HIGH: 0, CRITICAL: 1)

┌───────────────────────────┬───────────────┬──────────┬────────┬───────────────────┬─────────────────────────────────────────────────┬──────────────────────────────────────────────────────────────┐
│          Library          │ Vulnerability │ Severity │ Status │ Installed Version │                  Fixed Version                  │                            Title                             │
├───────────────────────────┼───────────────┼──────────┼────────┼───────────────────┼─────────────────────────────────────────────────┼──────────────────────────────────────────────────────────────┤
│ org.postgresql:postgresql │ CVE-2024-1597 │ CRITICAL │ fixed  │ 42.6.0            │ 42.2.28, 42.3.9, 42.4.4, 42.5.5, 42.6.1, 42.7.2 │ pgjdbc: PostgreSQL JDBC Driver allows attacker to inject SQL │
│                           │               │          │        │                   │                                                 │ if using PreferQueryMode=SIMPLE...                           │
│                           │               │          │        │                   │                                                 │ https://avd.aquasec.com/nvd/cve-2024-1597                    │
└───────────────────────────┴───────────────┴──────────┴────────┴───────────────────┴─────────────────────────────────────────────────┴──────────────────────────────────────────────────────────────┘

ldes-server-infra-postgres/postgres-liquibase/pom.xml (pom)
===========================================================
Total: 1 (HIGH: 0, CRITICAL: 1)

┌───────────────────────────┬───────────────┬──────────┬────────┬───────────────────┬─────────────────────────────────────────────────┬──────────────────────────────────────────────────────────────┐
│          Library          │ Vulnerability │ Severity │ Status │ Installed Version │                  Fixed Version                  │                            Title                             │
├───────────────────────────┼───────────────┼──────────┼────────┼───────────────────┼─────────────────────────────────────────────────┼──────────────────────────────────────────────────────────────┤
│ org.postgresql:postgresql │ CVE-2024-1597 │ CRITICAL │ fixed  │ 42.6.0            │ 42.2.28, 42.3.9, 42.4.4, 42.5.5, 42.6.1, 42.7.2 │ pgjdbc: PostgreSQL JDBC Driver allows attacker to inject SQL │
│                           │               │          │        │                   │                                                 │ if using PreferQueryMode=SIMPLE...                           │
│                           │               │          │        │                   │                                                 │ https://avd.aquasec.com/nvd/cve-2024-1597                    │
└───────────────────────────┴───────────────┴──────────┴────────┴───────────────────┴─────────────────────────────────────────────────┴──────────────────────────────────────────────────────────────┘

ldes-server-infra-postgres/postgres-pagination-repository/pom.xml (pom)
=======================================================================
Total: 1 (HIGH: 0, CRITICAL: 1)

┌───────────────────────────┬───────────────┬──────────┬────────┬───────────────────┬─────────────────────────────────────────────────┬──────────────────────────────────────────────────────────────┐
│          Library          │ Vulnerability │ Severity │ Status │ Installed Version │                  Fixed Version                  │                            Title                             │
├───────────────────────────┼───────────────┼──────────┼────────┼───────────────────┼─────────────────────────────────────────────────┼──────────────────────────────────────────────────────────────┤
│ org.postgresql:postgresql │ CVE-2024-1597 │ CRITICAL │ fixed  │ 42.6.0            │ 42.2.28, 42.3.9, 42.4.4, 42.5.5, 42.6.1, 42.7.2 │ pgjdbc: PostgreSQL JDBC Driver allows attacker to inject SQL │
│                           │               │          │        │                   │                                                 │ if using PreferQueryMode=SIMPLE...                           │
│                           │               │          │        │                   │                                                 │ https://avd.aquasec.com/nvd/cve-2024-1597                    │
└───────────────────────────┴───────────────┴──────────┴────────┴───────────────────┴─────────────────────────────────────────────────┴──────────────────────────────────────────────────────────────┘

ldes-server-infra-postgres/postgres-retention-repository/pom.xml (pom)
======================================================================
Total: 1 (HIGH: 0, CRITICAL: 1)

┌───────────────────────────┬───────────────┬──────────┬────────┬───────────────────┬─────────────────────────────────────────────────┬──────────────────────────────────────────────────────────────┐
│          Library          │ Vulnerability │ Severity │ Status │ Installed Version │                  Fixed Version                  │                            Title                             │
├───────────────────────────┼───────────────┼──────────┼────────┼───────────────────┼─────────────────────────────────────────────────┼──────────────────────────────────────────────────────────────┤
│ org.postgresql:postgresql │ CVE-2024-1597 │ CRITICAL │ fixed  │ 42.6.0            │ 42.2.28, 42.3.9, 42.4.4, 42.5.5, 42.6.1, 42.7.2 │ pgjdbc: PostgreSQL JDBC Driver allows attacker to inject SQL │
│                           │               │          │        │                   │                                                 │ if using PreferQueryMode=SIMPLE...                           │
│                           │               │          │        │                   │                                                 │ https://avd.aquasec.com/nvd/cve-2024-1597                    │
└───────────────────────────┴───────────────┴──────────┴────────┴───────────────────┴─────────────────────────────────────────────────┴──────────────────────────────────────────────────────────────┘

pom.xml (pom)
=============
Total: 1 (HIGH: 0, CRITICAL: 1)

┌───────────────────────────┬───────────────┬──────────┬────────┬───────────────────┬─────────────────────────────────────────────────┬──────────────────────────────────────────────────────────────┐
│          Library          │ Vulnerability │ Severity │ Status │ Installed Version │                  Fixed Version                  │                            Title                             │
├───────────────────────────┼───────────────┼──────────┼────────┼───────────────────┼─────────────────────────────────────────────────┼──────────────────────────────────────────────────────────────┤
│ org.postgresql:postgresql │ CVE-2024-1597 │ CRITICAL │ fixed  │ 42.6.0            │ 42.2.28, 42.3.9, 42.4.4, 42.5.5, 42.6.1, 42.7.2 │ pgjdbc: PostgreSQL JDBC Driver allows attacker to inject SQL │
│                           │               │          │        │                   │                                                 │ if using PreferQueryMode=SIMPLE...                           │
│                           │               │          │        │                   │                                                 │ https://avd.aquasec.com/nvd/cve-2024-1597                    │
└───────────────────────────┴───────────────┴──────────┴────────┴───────────────────┴─────────────────────────────────────────────────┴──────────────────────────────────────────────────────────────┘

docker-compose/mongo/Dockerfile (dockerfile)
============================================
Tests: 20 (SUCCESSES: 19, FAILURES: 1, EXCEPTIONS: 0)
Failures: 1 (HIGH: 1, CRITICAL: 0)

HIGH: Specify at least 1 USER command in Dockerfile with non-root user as argument
════════════════════════════════════════════════════════════════════════════════════════════════════════════════════════════════════════════════════════════════════════════════════════════════════════════════════════════════════
Running containers with 'root' user can lead to a container escape situation. It is a best practice to run containers as non-root users, which can be done by adding a 'USER' statement to the Dockerfile.

See https://avd.aquasec.com/misconfig/ds002
────────────────────────────────────────────────────────────────────────────────────────────────────────────────────────────────────────────────────────────────────────────────────────────────────────────────────────────────────


